<?xml version="1.0" encoding="UTF-8"?>
<!-- Generated by org.testng.reporters.JUnitReportReporter -->
<testsuite hostname="ja-Vostro-260" name="com.jakub.ajamarks.repositories.ClassroomRepositoryTest" tests="1" failures="0" timestamp="24 Jan 2017 09:53:51 GMT" time="0.005" errors="0">
  <testcase name="testFindStudentsInClassroom" time="0.005" classname="com.jakub.ajamarks.repositories.ClassroomRepositoryTest"/>
</testsuite> <!-- com.jakub.ajamarks.repositories.ClassroomRepositoryTest -->
