<?xml version="1.0" encoding="UTF-8"?>
<!-- Generated by org.testng.reporters.JUnitReportReporter -->
<testsuite hostname="ja-Vostro-260" name="com.jakub.ajamarks.repositories.StudentRepositoryTest" tests="1" failures="0" timestamp="24 Jan 2017 09:53:51 GMT" time="0.000" errors="0">
  <testcase name="testFindStudentbyUserName" time="0.000" classname="com.jakub.ajamarks.repositories.StudentRepositoryTest"/>
</testsuite> <!-- com.jakub.ajamarks.repositories.StudentRepositoryTest -->
