<?xml version="1.0" encoding="UTF-8"?>
<testsuite name="com.jakub.ajamarks.services.showdataservices.MarkServiceIntegrationTest" time="2.952" tests="12" errors="0" skipped="0" failures="2">
  <properties>
    <property name="java.runtime.name" value="Java(TM) SE Runtime Environment"/>
    <property name="sun.boot.library.path" value="/home/ja/java/jdk1.8.0_77/jre/lib/amd64"/>
    <property name="java.vm.version" value="25.77-b03"/>
    <property name="java.vm.vendor" value="Oracle Corporation"/>
    <property name="maven.multiModuleProjectDirectory" value="/home/ja/IdeaProjects/AJAmarks"/>
    <property name="java.vendor.url" value="http://java.oracle.com/"/>
    <property name="path.separator" value=":"/>
    <property name="guice.disable.misplaced.annotation.check" value="true"/>
    <property name="java.vm.name" value="Java HotSpot(TM) 64-Bit Server VM"/>
    <property name="file.encoding.pkg" value="sun.io"/>
    <property name="user.country" value="PL"/>
    <property name="sun.java.launcher" value="SUN_STANDARD"/>
    <property name="sun.os.patch.level" value="unknown"/>
    <property name="java.vm.specification.name" value="Java Virtual Machine Specification"/>
    <property name="user.dir" value="/home/ja/IdeaProjects/AJAmarks"/>
    <property name="java.runtime.version" value="1.8.0_77-b03"/>
    <property name="java.awt.graphicsenv" value="sun.awt.X11GraphicsEnvironment"/>
    <property name="java.endorsed.dirs" value="/home/ja/java/jdk1.8.0_77/jre/lib/endorsed"/>
    <property name="os.arch" value="amd64"/>
    <property name="java.io.tmpdir" value="/tmp"/>
    <property name="line.separator" value="&#10;"/>
    <property name="java.vm.specification.vendor" value="Oracle Corporation"/>
    <property name="os.name" value="Linux"/>
    <property name="classworlds.conf" value="/usr/share/maven/bin/m2.conf"/>
    <property name="sun.jnu.encoding" value="UTF-8"/>
    <property name="java.library.path" value="/usr/lib/idea-2016.02.02/bin::/usr/java/packages/lib/amd64:/usr/lib64:/lib64:/lib:/usr/lib"/>
    <property name="java.specification.name" value="Java Platform API Specification"/>
    <property name="java.class.version" value="52.0"/>
    <property name="sun.management.compiler" value="HotSpot 64-Bit Tiered Compilers"/>
    <property name="os.version" value="4.4.0-31-generic"/>
    <property name="user.home" value="/home/ja"/>
    <property name="user.timezone" value="Europe/Warsaw"/>
    <property name="java.awt.printerjob" value="sun.print.PSPrinterJob"/>
    <property name="file.encoding" value="UTF-8"/>
    <property name="java.specification.version" value="1.8"/>
    <property name="user.name" value="ja"/>
    <property name="java.class.path" value="/usr/share/maven/boot/plexus-classworlds-2.x.jar"/>
    <property name="java.vm.specification.version" value="1.8"/>
    <property name="sun.arch.data.model" value="64"/>
    <property name="java.home" value="/home/ja/java/jdk1.8.0_77/jre"/>
    <property name="sun.java.command" value="org.codehaus.plexus.classworlds.launcher.Launcher integration-test"/>
    <property name="java.specification.vendor" value="Oracle Corporation"/>
    <property name="user.language" value="pl"/>
    <property name="awt.toolkit" value="sun.awt.X11.XToolkit"/>
    <property name="java.vm.info" value="mixed mode"/>
    <property name="java.version" value="1.8.0_77"/>
    <property name="java.ext.dirs" value="/home/ja/java/jdk1.8.0_77/jre/lib/ext:/usr/java/packages/lib/ext"/>
    <property name="securerandom.source" value="file:/dev/./urandom"/>
    <property name="sun.boot.class.path" value="/home/ja/java/jdk1.8.0_77/jre/lib/resources.jar:/home/ja/java/jdk1.8.0_77/jre/lib/rt.jar:/home/ja/java/jdk1.8.0_77/jre/lib/sunrsasign.jar:/home/ja/java/jdk1.8.0_77/jre/lib/jsse.jar:/home/ja/java/jdk1.8.0_77/jre/lib/jce.jar:/home/ja/java/jdk1.8.0_77/jre/lib/charsets.jar:/home/ja/java/jdk1.8.0_77/jre/lib/jfr.jar:/home/ja/java/jdk1.8.0_77/jre/classes"/>
    <property name="java.vendor" value="Oracle Corporation"/>
    <property name="maven.home" value="/usr/share/maven"/>
    <property name="file.separator" value="/"/>
    <property name="java.vendor.url.bug" value="http://bugreport.sun.com/bugreport/"/>
    <property name="sun.cpu.endian" value="little"/>
    <property name="sun.io.unicode.encoding" value="UnicodeLittle"/>
    <property name="sun.desktop" value="gnome"/>
    <property name="sun.cpu.isalist" value=""/>
  </properties>
  <testcase name="getStudentsByGivenMarkNameTest" classname="com.jakub.ajamarks.services.showdataservices.MarkServiceIntegrationTest" time="0.247"/>
  <testcase name="updateByMarkValueTest" classname="com.jakub.ajamarks.services.showdataservices.MarkServiceIntegrationTest" time="0.192"/>
  <testcase name="getStudentsByGivenMarkValue_NoStudentsForGivenMarkVaslueTest" classname="com.jakub.ajamarks.services.showdataservices.MarkServiceIntegrationTest" time="0.297">
    <failure message="Expected exception: java.lang.NullPointerException" type="java.lang.AssertionError">java.lang.AssertionError: Expected exception: java.lang.NullPointerException
	at org.junit.internal.runners.statements.ExpectException.evaluate(ExpectException.java:32)
	at org.junit.internal.runners.statements.RunBefores.evaluate(RunBefores.java:26)
	at org.springframework.test.context.junit4.statements.RunBeforeTestMethodCallbacks.evaluate(RunBeforeTestMethodCallbacks.java:75)
	at org.springframework.test.context.junit4.statements.RunAfterTestMethodCallbacks.evaluate(RunAfterTestMethodCallbacks.java:86)
	at org.springframework.test.context.junit4.statements.SpringRepeat.evaluate(SpringRepeat.java:84)
	at org.junit.runners.ParentRunner.runLeaf(ParentRunner.java:325)
	at org.springframework.test.context.junit4.SpringJUnit4ClassRunner.runChild(SpringJUnit4ClassRunner.java:252)
	at org.springframework.test.context.junit4.SpringJUnit4ClassRunner.runChild(SpringJUnit4ClassRunner.java:94)
	at org.junit.runners.ParentRunner$3.run(ParentRunner.java:290)
	at org.junit.runners.ParentRunner$1.schedule(ParentRunner.java:71)
	at org.junit.runners.ParentRunner.runChildren(ParentRunner.java:288)
	at org.junit.runners.ParentRunner.access$000(ParentRunner.java:58)
	at org.junit.runners.ParentRunner$2.evaluate(ParentRunner.java:268)
	at org.springframework.test.context.junit4.statements.RunBeforeTestClassCallbacks.evaluate(RunBeforeTestClassCallbacks.java:61)
	at org.springframework.test.context.junit4.statements.RunAfterTestClassCallbacks.evaluate(RunAfterTestClassCallbacks.java:70)
	at org.junit.runners.ParentRunner.run(ParentRunner.java:363)
	at org.springframework.test.context.junit4.SpringJUnit4ClassRunner.run(SpringJUnit4ClassRunner.java:191)
	at org.apache.maven.surefire.junit4.JUnit4Provider.execute(JUnit4Provider.java:264)
	at org.apache.maven.surefire.junit4.JUnit4Provider.executeTestSet(JUnit4Provider.java:153)
	at org.apache.maven.surefire.junit4.JUnit4Provider.invoke(JUnit4Provider.java:124)
	at org.apache.maven.surefire.booter.ForkedBooter.invokeProviderInSameClassLoader(ForkedBooter.java:200)
	at org.apache.maven.surefire.booter.ForkedBooter.runSuitesInProcess(ForkedBooter.java:153)
	at org.apache.maven.surefire.booter.ForkedBooter.main(ForkedBooter.java:103)
</failure>
    <system-out>Hibernate: select next_val as id_val from hibernate_sequence for update
Hibernate: update hibernate_sequence set next_val= ? where next_val=?
Hibernate: select next_val as id_val from hibernate_sequence for update
Hibernate: update hibernate_sequence set next_val= ? where next_val=?
Hibernate: select next_val as id_val from hibernate_sequence for update
Hibernate: update hibernate_sequence set next_val= ? where next_val=?
Hibernate: select next_val as id_val from hibernate_sequence for update
Hibernate: update hibernate_sequence set next_val= ? where next_val=?
Hibernate: select next_val as id_val from hibernate_sequence for update
Hibernate: update hibernate_sequence set next_val= ? where next_val=?
Hibernate: select next_val as id_val from hibernate_sequence for update
Hibernate: update hibernate_sequence set next_val= ? where next_val=?
Hibernate: insert into Mark (markName, markValue, idMark) values (?, ?, ?)
Hibernate: insert into Mark (markName, markValue, idMark) values (?, ?, ?)
Hibernate: insert into Mark (markName, markValue, idMark) values (?, ?, ?)
Hibernate: insert into Classroom (classroomName, classroomNumber, idClassroom) values (?, ?, ?)
Hibernate: insert into Student (classroom_idClassroom, firstName, lastName, userName, idStudent) values (?, ?, ?, ?, ?)
Hibernate: insert into Student (classroom_idClassroom, firstName, lastName, userName, idStudent) values (?, ?, ?, ?, ?)
Hibernate: insert into Mark_Student (studentMarks_idMark, studentsWithMark_idStudent) values (?, ?)
Hibernate: insert into Mark_Student (studentMarks_idMark, studentsWithMark_idStudent) values (?, ?)
Hibernate: insert into Mark_Student (studentMarks_idMark, studentsWithMark_idStudent) values (?, ?)
Hibernate: select mark0_.idMark as idMark1_1_, mark0_.markName as markName2_1_, mark0_.markValue as markValu3_1_ from Mark mark0_ where mark0_.markValue=?
</system-out>
  </testcase>
  <testcase name="getAllTest" classname="com.jakub.ajamarks.services.showdataservices.MarkServiceIntegrationTest" time="0.44"/>
  <testcase name="saveMarkTest" classname="com.jakub.ajamarks.services.showdataservices.MarkServiceIntegrationTest" time="0.209"/>
  <testcase name="getStudentsByGivenMarkName_NoGivenMarkNameTest" classname="com.jakub.ajamarks.services.showdataservices.MarkServiceIntegrationTest" time="0.185"/>
  <testcase name="getByMarkNameTest" classname="com.jakub.ajamarks.services.showdataservices.MarkServiceIntegrationTest" time="0.185"/>
  <testcase name="getStudentsByGivenMarkValueTest" classname="com.jakub.ajamarks.services.showdataservices.MarkServiceIntegrationTest" time="0.208"/>
  <testcase name="getStudentsByGivenMarkName_NoStudentsForGivenMarkNameTest" classname="com.jakub.ajamarks.services.showdataservices.MarkServiceIntegrationTest" time="0.235"/>
  <testcase name="getStudentsByGivenMarkValue_NoGivenMarkVaslueTest" classname="com.jakub.ajamarks.services.showdataservices.MarkServiceIntegrationTest" time="0.227"/>
  <testcase name="getByMarkValueTest" classname="com.jakub.ajamarks.services.showdataservices.MarkServiceIntegrationTest" time="0.283"/>
  <testcase name="deleteTest" classname="com.jakub.ajamarks.services.showdataservices.MarkServiceIntegrationTest" time="0.244">
    <failure message="&#10;Expected: is &lt;3&gt;&#10;     but: was &lt;0&gt;" type="java.lang.AssertionError"><![CDATA[java.lang.AssertionError: 
Expected: is <3>
     but: was <0>
	at org.hamcrest.MatcherAssert.assertThat(MatcherAssert.java:20)
	at org.hamcrest.MatcherAssert.assertThat(MatcherAssert.java:8)
	at com.jakub.ajamarks.services.showdataservices.MarkServiceIntegrationTest.deleteTest(MarkServiceIntegrationTest.java:137)
]]></failure>
    <system-out>Hibernate: select next_val as id_val from hibernate_sequence for update
Hibernate: update hibernate_sequence set next_val= ? where next_val=?
Hibernate: select next_val as id_val from hibernate_sequence for update
Hibernate: update hibernate_sequence set next_val= ? where next_val=?
Hibernate: select next_val as id_val from hibernate_sequence for update
Hibernate: update hibernate_sequence set next_val= ? where next_val=?
Hibernate: select next_val as id_val from hibernate_sequence for update
Hibernate: update hibernate_sequence set next_val= ? where next_val=?
Hibernate: select next_val as id_val from hibernate_sequence for update
Hibernate: update hibernate_sequence set next_val= ? where next_val=?
Hibernate: select next_val as id_val from hibernate_sequence for update
Hibernate: update hibernate_sequence set next_val= ? where next_val=?
Hibernate: insert into Mark (markName, markValue, idMark) values (?, ?, ?)
Hibernate: insert into Mark (markName, markValue, idMark) values (?, ?, ?)
Hibernate: insert into Mark (markName, markValue, idMark) values (?, ?, ?)
Hibernate: insert into Classroom (classroomName, classroomNumber, idClassroom) values (?, ?, ?)
Hibernate: insert into Student (classroom_idClassroom, firstName, lastName, userName, idStudent) values (?, ?, ?, ?, ?)
Hibernate: insert into Student (classroom_idClassroom, firstName, lastName, userName, idStudent) values (?, ?, ?, ?, ?)
Hibernate: insert into Mark_Student (studentMarks_idMark, studentsWithMark_idStudent) values (?, ?)
Hibernate: insert into Mark_Student (studentMarks_idMark, studentsWithMark_idStudent) values (?, ?)
Hibernate: insert into Mark_Student (studentMarks_idMark, studentsWithMark_idStudent) values (?, ?)
Hibernate: select mark0_.idMark as idMark1_1_, mark0_.markName as markName2_1_, mark0_.markValue as markValu3_1_ from Mark mark0_
</system-out>
  </testcase>
</testsuite>