<?xml version="1.0" encoding="UTF-8"?>
<testsuite name="com.jakub.ajamarks.services.showdataservices.MarkServiceIntegrationTest" time="3.099" tests="11" errors="1" skipped="0" failures="1">
  <properties>
    <property name="java.runtime.name" value="Java(TM) SE Runtime Environment"/>
    <property name="sun.boot.library.path" value="/home/ja/java/jdk1.8.0_77/jre/lib/amd64"/>
    <property name="java.vm.version" value="25.77-b03"/>
    <property name="java.vm.vendor" value="Oracle Corporation"/>
    <property name="maven.multiModuleProjectDirectory" value="/home/ja/IdeaProjects/AJAmarks"/>
    <property name="java.vendor.url" value="http://java.oracle.com/"/>
    <property name="path.separator" value=":"/>
    <property name="guice.disable.misplaced.annotation.check" value="true"/>
    <property name="java.vm.name" value="Java HotSpot(TM) 64-Bit Server VM"/>
    <property name="file.encoding.pkg" value="sun.io"/>
    <property name="user.country" value="PL"/>
    <property name="sun.java.launcher" value="SUN_STANDARD"/>
    <property name="sun.os.patch.level" value="unknown"/>
    <property name="java.vm.specification.name" value="Java Virtual Machine Specification"/>
    <property name="user.dir" value="/home/ja/IdeaProjects/AJAmarks"/>
    <property name="java.runtime.version" value="1.8.0_77-b03"/>
    <property name="java.awt.graphicsenv" value="sun.awt.X11GraphicsEnvironment"/>
    <property name="java.endorsed.dirs" value="/home/ja/java/jdk1.8.0_77/jre/lib/endorsed"/>
    <property name="os.arch" value="amd64"/>
    <property name="java.io.tmpdir" value="/tmp"/>
    <property name="line.separator" value="&#10;"/>
    <property name="java.vm.specification.vendor" value="Oracle Corporation"/>
    <property name="os.name" value="Linux"/>
    <property name="classworlds.conf" value="/usr/share/maven/bin/m2.conf"/>
    <property name="sun.jnu.encoding" value="UTF-8"/>
    <property name="java.library.path" value="/usr/lib/idea-2016.02.02/bin::/usr/java/packages/lib/amd64:/usr/lib64:/lib64:/lib:/usr/lib"/>
    <property name="java.specification.name" value="Java Platform API Specification"/>
    <property name="java.class.version" value="52.0"/>
    <property name="sun.management.compiler" value="HotSpot 64-Bit Tiered Compilers"/>
    <property name="os.version" value="4.4.0-31-generic"/>
    <property name="user.home" value="/home/ja"/>
    <property name="user.timezone" value="Europe/Warsaw"/>
    <property name="java.awt.printerjob" value="sun.print.PSPrinterJob"/>
    <property name="file.encoding" value="UTF-8"/>
    <property name="java.specification.version" value="1.8"/>
    <property name="user.name" value="ja"/>
    <property name="java.class.path" value="/usr/share/maven/boot/plexus-classworlds-2.x.jar"/>
    <property name="java.vm.specification.version" value="1.8"/>
    <property name="sun.arch.data.model" value="64"/>
    <property name="java.home" value="/home/ja/java/jdk1.8.0_77/jre"/>
    <property name="sun.java.command" value="org.codehaus.plexus.classworlds.launcher.Launcher integration-test"/>
    <property name="java.specification.vendor" value="Oracle Corporation"/>
    <property name="user.language" value="pl"/>
    <property name="awt.toolkit" value="sun.awt.X11.XToolkit"/>
    <property name="java.vm.info" value="mixed mode"/>
    <property name="java.version" value="1.8.0_77"/>
    <property name="java.ext.dirs" value="/home/ja/java/jdk1.8.0_77/jre/lib/ext:/usr/java/packages/lib/ext"/>
    <property name="securerandom.source" value="file:/dev/./urandom"/>
    <property name="sun.boot.class.path" value="/home/ja/java/jdk1.8.0_77/jre/lib/resources.jar:/home/ja/java/jdk1.8.0_77/jre/lib/rt.jar:/home/ja/java/jdk1.8.0_77/jre/lib/sunrsasign.jar:/home/ja/java/jdk1.8.0_77/jre/lib/jsse.jar:/home/ja/java/jdk1.8.0_77/jre/lib/jce.jar:/home/ja/java/jdk1.8.0_77/jre/lib/charsets.jar:/home/ja/java/jdk1.8.0_77/jre/lib/jfr.jar:/home/ja/java/jdk1.8.0_77/jre/classes"/>
    <property name="java.vendor" value="Oracle Corporation"/>
    <property name="maven.home" value="/usr/share/maven"/>
    <property name="file.separator" value="/"/>
    <property name="java.vendor.url.bug" value="http://bugreport.sun.com/bugreport/"/>
    <property name="sun.cpu.endian" value="little"/>
    <property name="sun.io.unicode.encoding" value="UnicodeLittle"/>
    <property name="sun.desktop" value="gnome"/>
    <property name="sun.cpu.isalist" value=""/>
  </properties>
  <testcase name="getStudentsByGivenMarkNameTest" classname="com.jakub.ajamarks.services.showdataservices.MarkServiceIntegrationTest" time="0.422"/>
  <testcase name="getStudentsByGivenMarkValue_NoGivenMarkValueTest" classname="com.jakub.ajamarks.services.showdataservices.MarkServiceIntegrationTest" time="0.388"/>
  <testcase name="getAllTest" classname="com.jakub.ajamarks.services.showdataservices.MarkServiceIntegrationTest" time="0.25">
    <failure message="&#10;Expected: is &lt;4&gt;&#10;     but: was &lt;3&gt;" type="java.lang.AssertionError"><![CDATA[java.lang.AssertionError: 
Expected: is <4>
     but: was <3>
	at org.hamcrest.MatcherAssert.assertThat(MatcherAssert.java:20)
	at org.hamcrest.MatcherAssert.assertThat(MatcherAssert.java:8)
	at com.jakub.ajamarks.services.showdataservices.MarkServiceIntegrationTest.getAllTest(MarkServiceIntegrationTest.java:153)
]]></failure>
    <system-out>Hibernate: select next_val as id_val from hibernate_sequence for update
Hibernate: update hibernate_sequence set next_val= ? where next_val=?
Hibernate: select next_val as id_val from hibernate_sequence for update
Hibernate: update hibernate_sequence set next_val= ? where next_val=?
Hibernate: select next_val as id_val from hibernate_sequence for update
Hibernate: update hibernate_sequence set next_val= ? where next_val=?
Hibernate: select next_val as id_val from hibernate_sequence for update
Hibernate: update hibernate_sequence set next_val= ? where next_val=?
Hibernate: select next_val as id_val from hibernate_sequence for update
Hibernate: update hibernate_sequence set next_val= ? where next_val=?
Hibernate: select next_val as id_val from hibernate_sequence for update
Hibernate: update hibernate_sequence set next_val= ? where next_val=?
Hibernate: select mark0_.idMark as idMark1_1_0_, mark0_.markName as markName2_1_0_, mark0_.markValue as markValu3_1_0_ from Mark mark0_ where mark0_.idMark=?
Hibernate: select next_val as id_val from hibernate_sequence for update
Hibernate: update hibernate_sequence set next_val= ? where next_val=?
Hibernate: insert into Mark (markName, markValue, idMark) values (?, ?, ?)
Hibernate: insert into Mark (markName, markValue, idMark) values (?, ?, ?)
Hibernate: insert into Mark (markName, markValue, idMark) values (?, ?, ?)
Hibernate: insert into Classroom (classroomName, classroomNumber, idClassroom) values (?, ?, ?)
Hibernate: insert into Student (classroom_idClassroom, firstName, lastName, userName, idStudent) values (?, ?, ?, ?, ?)
Hibernate: insert into Student (classroom_idClassroom, firstName, lastName, userName, idStudent) values (?, ?, ?, ?, ?)
Hibernate: insert into Mark (markName, markValue, idMark) values (?, ?, ?)
Hibernate: insert into Mark_Student (studentMarks_idMark, studentsWithMark_idStudent) values (?, ?)
Hibernate: insert into Mark_Student (studentMarks_idMark, studentsWithMark_idStudent) values (?, ?)
Hibernate: insert into Mark_Student (studentMarks_idMark, studentsWithMark_idStudent) values (?, ?)
Hibernate: select mark0_.idMark as idMark1_1_, mark0_.markName as markName2_1_, mark0_.markValue as markValu3_1_ from Mark mark0_
</system-out>
  </testcase>
  <testcase name="saveMarkTest" classname="com.jakub.ajamarks.services.showdataservices.MarkServiceIntegrationTest" time="0.24"/>
  <testcase name="getStudentsByGivenMarkName_NoGivenMarkNameTest" classname="com.jakub.ajamarks.services.showdataservices.MarkServiceIntegrationTest" time="0.217"/>
  <testcase name="getByMarkNameTest" classname="com.jakub.ajamarks.services.showdataservices.MarkServiceIntegrationTest" time="0.31"/>
  <testcase name="getStudentsByGivenMarkValueTest" classname="com.jakub.ajamarks.services.showdataservices.MarkServiceIntegrationTest" time="0.226"/>
  <testcase name="getStudentsByGivenMarkName_NoStudentsForGivenMarkNameTest" classname="com.jakub.ajamarks.services.showdataservices.MarkServiceIntegrationTest" time="0.255"/>
  <testcase name="updateMarkTest" classname="com.jakub.ajamarks.services.showdataservices.MarkServiceIntegrationTest" time="0.235"/>
  <testcase name="getByMarkValueTest" classname="com.jakub.ajamarks.services.showdataservices.MarkServiceIntegrationTest" time="0.269"/>
  <testcase name="deleteTest" classname="com.jakub.ajamarks.services.showdataservices.MarkServiceIntegrationTest" time="0.287">
    <error message="could not execute statement; SQL [n/a]; constraint [UK_4137lq07kliswfhiec7w2614y]; nested exception is org.hibernate.exception.ConstraintViolationException: could not execute statement" type="org.springframework.dao.DataIntegrityViolationException">org.springframework.dao.DataIntegrityViolationException: could not execute statement; SQL [n/a]; constraint [UK_4137lq07kliswfhiec7w2614y]; nested exception is org.hibernate.exception.ConstraintViolationException: could not execute statement
	at sun.reflect.NativeConstructorAccessorImpl.newInstance0(Native Method)
	at sun.reflect.NativeConstructorAccessorImpl.newInstance(NativeConstructorAccessorImpl.java:62)
	at sun.reflect.DelegatingConstructorAccessorImpl.newInstance(DelegatingConstructorAccessorImpl.java:45)
	at java.lang.reflect.Constructor.newInstance(Constructor.java:423)
	at com.mysql.jdbc.Util.handleNewInstance(Util.java:411)
	at com.mysql.jdbc.Util.getInstance(Util.java:386)
	at com.mysql.jdbc.SQLError.createSQLException(SQLError.java:1039)
	at com.mysql.jdbc.MysqlIO.checkErrorPacket(MysqlIO.java:4098)
	at com.mysql.jdbc.MysqlIO.checkErrorPacket(MysqlIO.java:4030)
	at com.mysql.jdbc.MysqlIO.sendCommand(MysqlIO.java:2490)
	at com.mysql.jdbc.MysqlIO.sqlQueryDirect(MysqlIO.java:2651)
	at com.mysql.jdbc.ConnectionImpl.execSQL(ConnectionImpl.java:2677)
	at com.mysql.jdbc.PreparedStatement.executeInternal(PreparedStatement.java:2134)
	at com.mysql.jdbc.PreparedStatement.executeUpdate(PreparedStatement.java:2434)
	at com.mysql.jdbc.PreparedStatement.executeUpdate(PreparedStatement.java:2352)
	at com.mysql.jdbc.PreparedStatement.executeUpdate(PreparedStatement.java:2337)
	at org.hibernate.engine.jdbc.internal.ResultSetReturnImpl.executeUpdate(ResultSetReturnImpl.java:204)
	at org.hibernate.engine.jdbc.batch.internal.NonBatchingBatch.addToBatch(NonBatchingBatch.java:45)
	at org.hibernate.persister.entity.AbstractEntityPersister.insert(AbstractEntityPersister.java:2934)
	at org.hibernate.persister.entity.AbstractEntityPersister.insert(AbstractEntityPersister.java:3434)
	at org.hibernate.action.internal.EntityInsertAction.execute(EntityInsertAction.java:89)
	at org.hibernate.engine.spi.ActionQueue.executeActions(ActionQueue.java:582)
	at org.hibernate.engine.spi.ActionQueue.executeActions(ActionQueue.java:456)
	at org.hibernate.event.internal.AbstractFlushingEventListener.performExecutions(AbstractFlushingEventListener.java:337)
	at org.hibernate.event.internal.DefaultAutoFlushEventListener.onAutoFlush(DefaultAutoFlushEventListener.java:50)
	at org.hibernate.internal.SessionImpl.autoFlushIfRequired(SessionImpl.java:1361)
	at org.hibernate.internal.SessionImpl.list(SessionImpl.java:1443)
	at org.hibernate.query.internal.AbstractProducedQuery.doList(AbstractProducedQuery.java:1402)
	at org.hibernate.query.internal.AbstractProducedQuery.list(AbstractProducedQuery.java:1374)
	at org.hibernate.Query.getResultList(Query.java:417)
	at org.hibernate.query.criteria.internal.compile.CriteriaQueryTypeQueryAdapter.getResultList(CriteriaQueryTypeQueryAdapter.java:55)
	at org.springframework.data.jpa.repository.support.SimpleJpaRepository.findAll(SimpleJpaRepository.java:327)
	at sun.reflect.NativeMethodAccessorImpl.invoke0(Native Method)
	at sun.reflect.NativeMethodAccessorImpl.invoke(NativeMethodAccessorImpl.java:62)
	at sun.reflect.DelegatingMethodAccessorImpl.invoke(DelegatingMethodAccessorImpl.java:43)
	at java.lang.reflect.Method.invoke(Method.java:498)
	at org.springframework.data.repository.core.support.RepositoryFactorySupport$QueryExecutorMethodInterceptor.executeMethodOn(RepositoryFactorySupport.java:503)
	at org.springframework.data.repository.core.support.RepositoryFactorySupport$QueryExecutorMethodInterceptor.doInvoke(RepositoryFactorySupport.java:488)
	at org.springframework.data.repository.core.support.RepositoryFactorySupport$QueryExecutorMethodInterceptor.invoke(RepositoryFactorySupport.java:460)
	at org.springframework.aop.framework.ReflectiveMethodInvocation.proceed(ReflectiveMethodInvocation.java:179)
	at org.springframework.data.projection.DefaultMethodInvokingMethodInterceptor.invoke(DefaultMethodInvokingMethodInterceptor.java:61)
	at org.springframework.aop.framework.ReflectiveMethodInvocation.proceed(ReflectiveMethodInvocation.java:179)
	at org.springframework.transaction.interceptor.TransactionInterceptor$1.proceedWithInvocation(TransactionInterceptor.java:99)
	at org.springframework.transaction.interceptor.TransactionAspectSupport.invokeWithinTransaction(TransactionAspectSupport.java:281)
	at org.springframework.transaction.interceptor.TransactionInterceptor.invoke(TransactionInterceptor.java:96)
	at org.springframework.aop.framework.ReflectiveMethodInvocation.proceed(ReflectiveMethodInvocation.java:179)
	at org.springframework.dao.support.PersistenceExceptionTranslationInterceptor.invoke(PersistenceExceptionTranslationInterceptor.java:136)
	at org.springframework.aop.framework.ReflectiveMethodInvocation.proceed(ReflectiveMethodInvocation.java:179)
	at org.springframework.data.jpa.repository.support.CrudMethodMetadataPostProcessor$CrudMethodMetadataPopulatingMethodInterceptor.invoke(CrudMethodMetadataPostProcessor.java:133)
	at org.springframework.aop.framework.ReflectiveMethodInvocation.proceed(ReflectiveMethodInvocation.java:179)
	at org.springframework.aop.interceptor.ExposeInvocationInterceptor.invoke(ExposeInvocationInterceptor.java:92)
	at org.springframework.aop.framework.ReflectiveMethodInvocation.proceed(ReflectiveMethodInvocation.java:179)
	at org.springframework.aop.framework.JdkDynamicAopProxy.invoke(JdkDynamicAopProxy.java:213)
	at com.sun.proxy.$Proxy54.findAll(Unknown Source)
	at com.jakub.ajamarks.services.showdataservices.MarkServiceImpl.getAll(MarkServiceImpl.java:54)
	at sun.reflect.NativeMethodAccessorImpl.invoke0(Native Method)
	at sun.reflect.NativeMethodAccessorImpl.invoke(NativeMethodAccessorImpl.java:62)
	at sun.reflect.DelegatingMethodAccessorImpl.invoke(DelegatingMethodAccessorImpl.java:43)
	at java.lang.reflect.Method.invoke(Method.java:498)
	at org.springframework.aop.support.AopUtils.invokeJoinpointUsingReflection(AopUtils.java:333)
	at org.springframework.aop.framework.ReflectiveMethodInvocation.invokeJoinpoint(ReflectiveMethodInvocation.java:190)
	at org.springframework.aop.framework.ReflectiveMethodInvocation.proceed(ReflectiveMethodInvocation.java:157)
	at org.springframework.transaction.interceptor.TransactionInterceptor$1.proceedWithInvocation(TransactionInterceptor.java:99)
	at org.springframework.transaction.interceptor.TransactionAspectSupport.invokeWithinTransaction(TransactionAspectSupport.java:281)
	at org.springframework.transaction.interceptor.TransactionInterceptor.invoke(TransactionInterceptor.java:96)
	at org.springframework.aop.framework.ReflectiveMethodInvocation.proceed(ReflectiveMethodInvocation.java:179)
	at org.springframework.aop.framework.JdkDynamicAopProxy.invoke(JdkDynamicAopProxy.java:213)
	at com.sun.proxy.$Proxy55.getAll(Unknown Source)
	at com.jakub.ajamarks.services.showdataservices.MarkServiceIntegrationTest.deleteTest(MarkServiceIntegrationTest.java:143)
</error>
    <system-out>Hibernate: select next_val as id_val from hibernate_sequence for update
Hibernate: update hibernate_sequence set next_val= ? where next_val=?
Hibernate: select next_val as id_val from hibernate_sequence for update
Hibernate: update hibernate_sequence set next_val= ? where next_val=?
Hibernate: select next_val as id_val from hibernate_sequence for update
Hibernate: update hibernate_sequence set next_val= ? where next_val=?
Hibernate: select next_val as id_val from hibernate_sequence for update
Hibernate: update hibernate_sequence set next_val= ? where next_val=?
Hibernate: select next_val as id_val from hibernate_sequence for update
Hibernate: update hibernate_sequence set next_val= ? where next_val=?
Hibernate: select next_val as id_val from hibernate_sequence for update
Hibernate: update hibernate_sequence set next_val= ? where next_val=?
Hibernate: select mark0_.idMark as idMark1_1_0_, mark0_.markName as markName2_1_0_, mark0_.markValue as markValu3_1_0_ from Mark mark0_ where mark0_.idMark=?
Hibernate: select next_val as id_val from hibernate_sequence for update
Hibernate: update hibernate_sequence set next_val= ? where next_val=?
Hibernate: select mark0_.idMark as idMark1_1_0_, mark0_.markName as markName2_1_0_, mark0_.markValue as markValu3_1_0_ from Mark mark0_ where mark0_.idMark=?
Hibernate: select next_val as id_val from hibernate_sequence for update
Hibernate: update hibernate_sequence set next_val= ? where next_val=?
Hibernate: insert into Mark (markName, markValue, idMark) values (?, ?, ?)
Hibernate: insert into Mark (markName, markValue, idMark) values (?, ?, ?)
Hibernate: insert into Mark (markName, markValue, idMark) values (?, ?, ?)
Hibernate: insert into Classroom (classroomName, classroomNumber, idClassroom) values (?, ?, ?)
Hibernate: insert into Student (classroom_idClassroom, firstName, lastName, userName, idStudent) values (?, ?, ?, ?, ?)
Hibernate: insert into Student (classroom_idClassroom, firstName, lastName, userName, idStudent) values (?, ?, ?, ?, ?)
Hibernate: insert into Mark (markName, markValue, idMark) values (?, ?, ?)
Hibernate: insert into Mark (markName, markValue, idMark) values (?, ?, ?)
01:26:34.457 [main] ERROR o.h.e.j.s.SqlExceptionHelper - Duplicate entry 'cel' for key 'UK_4137lq07kliswfhiec7w2614y'
</system-out>
  </testcase>
</testsuite>