<?xml version="1.0" encoding="UTF-8"?>
<!-- Generated by org.testng.reporters.JUnitReportReporter -->
<testsuite hostname="ja-Vostro-260" name="com.jakub.ajamarks.services.statisticservices.StatisticServiceIntegrationTest" tests="14" failures="0" timestamp="24 Jan 2017 09:54:12 GMT" time="8.325" errors="0">
  <testcase name="countAverageMarkForSchoolTest" time="0.385" classname="com.jakub.ajamarks.services.statisticservices.StatisticServiceIntegrationTest"/>
  <testcase name="countAverageMarkForUserTest" time="0.548" classname="com.jakub.ajamarks.services.statisticservices.StatisticServiceIntegrationTest"/>
  <testcase name="getFromSchoolMarkStudentListMapTest" time="0.510" classname="com.jakub.ajamarks.services.statisticservices.StatisticServiceIntegrationTest"/>
  <testcase name="countHowManyStudentsAboveStudentAverageTest" time="0.502" classname="com.jakub.ajamarks.services.statisticservices.StatisticServiceIntegrationTest"/>
  <testcase name="countHowManyStudentsAboveSchoolAverageTest" time="0.420" classname="com.jakub.ajamarks.services.statisticservices.StatisticServiceIntegrationTest"/>
  <testcase name="isStudentAverageHigherThenInAchoolTest" time="0.435" classname="com.jakub.ajamarks.services.statisticservices.StatisticServiceIntegrationTest"/>
  <testcase name="countQuantityOfEachMarkForSchoolTest" time="0.780" classname="com.jakub.ajamarks.services.statisticservices.StatisticServiceIntegrationTest"/>
  <testcase name="isStudentAverageHigherThenInClassroomTest" time="1.060" classname="com.jakub.ajamarks.services.statisticservices.StatisticServiceIntegrationTest"/>
  <testcase name="countAverageMarkForClassroomTest" time="0.493" classname="com.jakub.ajamarks.services.statisticservices.StatisticServiceIntegrationTest"/>
  <testcase name="sortStudentsByAverageAscTest" time="1.194" classname="com.jakub.ajamarks.services.statisticservices.StatisticServiceIntegrationTest"/>
  <testcase name="getStudentsAboveSchoolAverageTest" time="0.452" classname="com.jakub.ajamarks.services.statisticservices.StatisticServiceIntegrationTest"/>
  <testcase name="countAverageMarkForUser_WithNoMarksTest" time="0.548" classname="com.jakub.ajamarks.services.statisticservices.StatisticServiceIntegrationTest"/>
  <testcase name="getFromClassroomMarkStudentListMapTest" time="0.412" classname="com.jakub.ajamarks.services.statisticservices.StatisticServiceIntegrationTest"/>
  <testcase name="getStudentsAboveStudentAverageTest" time="0.586" classname="com.jakub.ajamarks.services.statisticservices.StatisticServiceIntegrationTest"/>
</testsuite> <!-- com.jakub.ajamarks.services.statisticservices.StatisticServiceIntegrationTest -->
