<?xml version="1.0" encoding="UTF-8"?>
<!-- Generated by org.testng.reporters.JUnitReportReporter -->
<testsuite hostname="ja-Vostro-260" name="com.jakub.ajamarks.services.showdataservices.StudentServiceIntegrationTest" tests="12" failures="0" timestamp="24 Jan 2017 09:54:12 GMT" time="2.341" errors="0">
  <testcase name="getStudentByIdTest" time="0.151" classname="com.jakub.ajamarks.services.showdataservices.StudentServiceIntegrationTest"/>
  <testcase name="getStudentsWithGivenMarkTest" time="0.159" classname="com.jakub.ajamarks.services.showdataservices.StudentServiceIntegrationTest"/>
  <testcase name="getStudentsWithoutGivenMark_NoStudentsForGicenMarkTest" time="0.476" classname="com.jakub.ajamarks.services.showdataservices.StudentServiceIntegrationTest"/>
  <testcase name="getStudentByUserNameTest" time="0.141" classname="com.jakub.ajamarks.services.showdataservices.StudentServiceIntegrationTest"/>
  <testcase name="getStudentsWithoutGivenMarkTest" time="0.158" classname="com.jakub.ajamarks.services.showdataservices.StudentServiceIntegrationTest"/>
  <testcase name="updateByUserNameTest" time="0.150" classname="com.jakub.ajamarks.services.showdataservices.StudentServiceIntegrationTest"/>
  <testcase name="saveStudentTest" time="0.237" classname="com.jakub.ajamarks.services.showdataservices.StudentServiceIntegrationTest"/>
  <testcase name="getStudentsWithGivenMark_NoStudensForGivenMarkTest" time="0.142" classname="com.jakub.ajamarks.services.showdataservices.StudentServiceIntegrationTest"/>
  <testcase name="getClassroomStudentsByClassroomNumberDescLastNameTest" time="0.235" classname="com.jakub.ajamarks.services.showdataservices.StudentServiceIntegrationTest"/>
  <testcase name="deleteTest" time="0.134" classname="com.jakub.ajamarks.services.showdataservices.StudentServiceIntegrationTest"/>
  <testcase name="getClassroomStudentsByClassroomNameDescLastNameTest" time="0.167" classname="com.jakub.ajamarks.services.showdataservices.StudentServiceIntegrationTest"/>
  <testcase name="getAllTest" time="0.191" classname="com.jakub.ajamarks.services.showdataservices.StudentServiceIntegrationTest"/>
</testsuite> <!-- com.jakub.ajamarks.services.showdataservices.StudentServiceIntegrationTest -->
