<?xml version="1.0" encoding="UTF-8"?>
<!-- Generated by org.testng.reporters.JUnitReportReporter -->
<testsuite hostname="ja-Vostro-260" name="com.jakub.ajamarks.services.showdataservices.MarkServiceIntegrationTest" tests="12" failures="0" timestamp="24 Jan 2017 09:54:12 GMT" time="1.859" errors="0">
  <testcase name="getByMarkNameTest" time="0.133" classname="com.jakub.ajamarks.services.showdataservices.MarkServiceIntegrationTest"/>
  <testcase name="getStudentsByGivenMarkNameTest" time="0.248" classname="com.jakub.ajamarks.services.showdataservices.MarkServiceIntegrationTest"/>
  <testcase name="getStudentsByGivenMarkValueTest" time="0.167" classname="com.jakub.ajamarks.services.showdataservices.MarkServiceIntegrationTest"/>
  <testcase name="getStudentsByGivenMarkName_NoStudentsForGivenMarkNameTest" time="0.142" classname="com.jakub.ajamarks.services.showdataservices.MarkServiceIntegrationTest"/>
  <testcase name="updateByMarkValueTest" time="0.142" classname="com.jakub.ajamarks.services.showdataservices.MarkServiceIntegrationTest"/>
  <testcase name="saveMarkTest" time="0.167" classname="com.jakub.ajamarks.services.showdataservices.MarkServiceIntegrationTest"/>
  <testcase name="getStudentsByGivenMarkValue_NoStudentsForGivenMarkVaslueTest" time="0.134" classname="com.jakub.ajamarks.services.showdataservices.MarkServiceIntegrationTest"/>
  <testcase name="getByMarkValueTest" time="0.133" classname="com.jakub.ajamarks.services.showdataservices.MarkServiceIntegrationTest"/>
  <testcase name="getAllTest" time="0.160" classname="com.jakub.ajamarks.services.showdataservices.MarkServiceIntegrationTest"/>
  <testcase name="getStudentsByGivenMarkName_NoGivenMarkNameTest" time="0.142" classname="com.jakub.ajamarks.services.showdataservices.MarkServiceIntegrationTest"/>
  <testcase name="deleteTest" time="0.158" classname="com.jakub.ajamarks.services.showdataservices.MarkServiceIntegrationTest"/>
  <testcase name="getStudentsByGivenMarkValue_NoGivenMarkVaslueTest" time="0.133" classname="com.jakub.ajamarks.services.showdataservices.MarkServiceIntegrationTest"/>
</testsuite> <!-- com.jakub.ajamarks.services.showdataservices.MarkServiceIntegrationTest -->
