<?xml version="1.0" encoding="UTF-8"?>
<!-- Generated by org.testng.reporters.JUnitReportReporter -->
<testsuite hostname="ja-Vostro-260" name="com.jakub.ajamarks.services.showdataservices.ClassroomServiceTest" tests="20" failures="0" timestamp="24 Jan 2017 07:51:33 GMT" time="0.160" errors="0">
  <testcase name="getClassroomByName_IllegalArgumentExceptionTest" time="0.000" classname="com.jakub.ajamarks.services.showdataservices.ClassroomServiceTest"/>
  <testcase name="getClassroomStudentsByClassroomNameTest" time="0.001" classname="com.jakub.ajamarks.services.showdataservices.ClassroomServiceTest"/>
  <testcase name="saveClassroomTest" time="0.001" classname="com.jakub.ajamarks.services.showdataservices.ClassroomServiceTest"/>
  <testcase name="update_IllegalArgumentExceptionTest" time="0.000" classname="com.jakub.ajamarks.services.showdataservices.ClassroomServiceTest"/>
  <testcase name="getClassroomByIdTest" time="0.000" classname="com.jakub.ajamarks.services.showdataservices.ClassroomServiceTest"/>
  <testcase name="getAllByClassroomNameAscTest" time="0.001" classname="com.jakub.ajamarks.services.showdataservices.ClassroomServiceTest"/>
  <testcase name="delete_IllegalArgumentExceptionTest" time="0.002" classname="com.jakub.ajamarks.services.showdataservices.ClassroomServiceTest"/>
  <testcase name="updateTest" time="0.000" classname="com.jakub.ajamarks.services.showdataservices.ClassroomServiceTest"/>
  <testcase name="getClassroomByNumberTest" time="0.000" classname="com.jakub.ajamarks.services.showdataservices.ClassroomServiceTest"/>
  <testcase name="getClassroomStudentsByClassroomName_IllegalArgumentExceptionTest" time="0.000" classname="com.jakub.ajamarks.services.showdataservices.ClassroomServiceTest"/>
  <testcase name="getClassroomByNameTest" time="0.000" classname="com.jakub.ajamarks.services.showdataservices.ClassroomServiceTest"/>
  <testcase name="getClassroomByNumber_IllegalArgumentExceptionTest" time="0.001" classname="com.jakub.ajamarks.services.showdataservices.ClassroomServiceTest"/>
  <testcase name="getClassroomById_IllegalArgumentExceptionTest" time="0.000" classname="com.jakub.ajamarks.services.showdataservices.ClassroomServiceTest"/>
  <testcase name="getClassroomStudentsByClassroomName_NoStudentsTest" time="0.000" classname="com.jakub.ajamarks.services.showdataservices.ClassroomServiceTest"/>
  <testcase name="getClassroomStudentsByClassroomNumber_IllegalArgumentExceptionTest" time="0.000" classname="com.jakub.ajamarks.services.showdataservices.ClassroomServiceTest"/>
  <testcase name="getClassroomStudentsByClassroomNumber_NoStudentsTest" time="0.154" classname="com.jakub.ajamarks.services.showdataservices.ClassroomServiceTest"/>
  <testcase name="saveClassroom_IllegalArgumentExceptionTest" time="0.000" classname="com.jakub.ajamarks.services.showdataservices.ClassroomServiceTest"/>
  <testcase name="deleteTest" time="0.000" classname="com.jakub.ajamarks.services.showdataservices.ClassroomServiceTest"/>
  <testcase name="getClassroomStudentsByClassroomNumberTest" time="0.000" classname="com.jakub.ajamarks.services.showdataservices.ClassroomServiceTest"/>
  <testcase name="update_NullPointerExceptionTest" time="0.000" classname="com.jakub.ajamarks.services.showdataservices.ClassroomServiceTest"/>
</testsuite> <!-- com.jakub.ajamarks.services.showdataservices.ClassroomServiceTest -->
