<?xml version="1.0" encoding="UTF-8"?>
<!-- Generated by org.testng.reporters.JUnitReportReporter -->
<testsuite hostname="ja-Vostro-260" name="com.jakub.ajamarks.services.showdataservices.ClassroomServiceIntegrationTest" tests="13" failures="0" timestamp="24 Jan 2017 09:54:12 GMT" time="1.043" errors="0">
  <testcase name="getClassroomStudentsByClassroomNumber_NoStudentsForGivenClassroomNumberTest" time="0.096" classname="com.jakub.ajamarks.services.showdataservices.ClassroomServiceIntegrationTest"/>
  <testcase name="getClassroomByNumberTest" time="0.067" classname="com.jakub.ajamarks.services.showdataservices.ClassroomServiceIntegrationTest"/>
  <testcase name="getClassroomStudentsByClassroomNumberTest" time="0.067" classname="com.jakub.ajamarks.services.showdataservices.ClassroomServiceIntegrationTest"/>
  <testcase name="getClassroomStudentsByClassroomNumber_NoGivenClassroomNumberTest" time="0.058" classname="com.jakub.ajamarks.services.showdataservices.ClassroomServiceIntegrationTest"/>
  <testcase name="getClassroomStudentsByClassroomNameTest" time="0.058" classname="com.jakub.ajamarks.services.showdataservices.ClassroomServiceIntegrationTest"/>
  <testcase name="getClassroomByIdTest" time="0.059" classname="com.jakub.ajamarks.services.showdataservices.ClassroomServiceIntegrationTest"/>
  <testcase name="deleteTest" time="0.058" classname="com.jakub.ajamarks.services.showdataservices.ClassroomServiceIntegrationTest"/>
  <testcase name="getClassroomByName" time="0.208" classname="com.jakub.ajamarks.services.showdataservices.ClassroomServiceIntegrationTest"/>
  <testcase name="saveClassroomTest" time="0.091" classname="com.jakub.ajamarks.services.showdataservices.ClassroomServiceIntegrationTest"/>
  <testcase name="getAllByClassroomNameAscTest" time="0.075" classname="com.jakub.ajamarks.services.showdataservices.ClassroomServiceIntegrationTest"/>
  <testcase name="getClassroomStudentsByClassroomName_NoGivenClassroomNameTest" time="0.065" classname="com.jakub.ajamarks.services.showdataservices.ClassroomServiceIntegrationTest"/>
  <testcase name="getClassroomStudentsByClassroomName_NoStudentsForGivenClassroomNameTest" time="0.083" classname="com.jakub.ajamarks.services.showdataservices.ClassroomServiceIntegrationTest"/>
  <testcase name="updateByClassroomNumberTest" time="0.058" classname="com.jakub.ajamarks.services.showdataservices.ClassroomServiceIntegrationTest"/>
</testsuite> <!-- com.jakub.ajamarks.services.showdataservices.ClassroomServiceIntegrationTest -->
